Building DAG of jobs...
Using shell: /usr/bin/bash
Provided cores: 1 (use --cores to define parallelism)
Rules claiming more threads will be scaled down.
Select jobs to execute...

[Fri Feb 11 09:49:24 2022]
rule copy_bams:
    jobid: 0
    resources: mem_mb=100000, disk_mb=1000, tmpdir=/scratch/60586749, time=10:00:00

python -c "import sys; print('.'.join(map(str, sys.version_info[:2])))"
Activating conda environment: /faststorage/project/c2i-colon/WorkSpaces/CarmenAndAnika/utils_scripts/.snakemake/conda/85f79cf46526e7d8c140b18b1f3a9c7d
python /faststorage/project/c2i-colon/WorkSpaces/CarmenAndAnika/utils_scripts/.snakemake/scripts/tmp0icgfi1l.copy_bam_files.py
Activating conda environment: /faststorage/project/c2i-colon/WorkSpaces/CarmenAndAnika/utils_scripts/.snakemake/conda/85f79cf46526e7d8c140b18b1f3a9c7d
146
Copying sample C06428 data
Copying subfolder C123A06428D_cfdna_N295-1567 files
Copying file C123A06428D_cfdna.aligned.sorted.markdup.bam
Copying subfolder C38T06428D_ffpe_N295-927 files
Copying file C22A06428D_buffycoat.normal.alignment.bam
Copying file C38T06428D_ffpe.tumor.alignment.bam
Copying subfolder C120A06428D_cfdna_N295-1460 files
Copying file C120A06428D_cfdna.aligned.sorted.markdup.bam
Copying subfolder C124A06428D_cfdna_N295-1597 files
Copying file C124A06428D_cfdna.aligned.sorted.markdup.bam
Copying subfolder C121A06428D_cfdna_N295-1471 files
Copying file C121A06428D_cfdna.aligned.sorted.markdup.bam
Copying subfolder C122A06428D_cfdna_N295-1524 files
Copying file C122A06428D_cfdna.aligned.sorted.markdup.bam
Copying sample C06018 data
Copying subfolder C216A06018D_cfdna_N295-534 files
Copying file C216A06018D_cfdna.aligned.sorted.markdup.bam
Copying subfolder C215A06018D_cfdna_N295-513 files
Copying file C215A06018D_cfdna.aligned.sorted.markdup.bam
Copying subfolder C217A06018D_cfdna_N295-595 files
Copying file C217A06018D_cfdna.aligned.sorted.markdup.bam
Copying subfolder C223A06018D_cfdna_N295-1427 files
Copying file C223A06018D_cfdna.aligned.sorted.markdup.bam
Copying subfolder C222A06018D_cfdna_N295-1369 files
Copying file C222A06018D_cfdna.aligned.sorted.markdup.bam
Copying subfolder C219A06018D_cfdna_N295-1279 files
Copying file C219A06018D_cfdna.aligned.sorted.markdup.bam
Copying subfolder C151T06018D_frfr_N295-852 files
Copying file C137A06018D_buffycoat.normal.alignment.bam
Copying file C151T06018D_frfr.tumor.alignment.bam
Copying subfolder C224A06018D_cfdna_N295-1551 files
Copying file C224A06018D_cfdna.aligned.sorted.markdup.bam
Copying subfolder C220A06018D_cfdna_N295-1280 files
Copying file C220A06018D_cfdna.aligned.sorted.markdup.bam
Copying subfolder C221A06018D_cfdna_N295-1321 files
Copying file C221A06018D_cfdna.aligned.sorted.markdup.bam
Copying subfolder C218A06018D_cfdna_N295-1213 files
Copying file C218A06018D_cfdna.aligned.sorted.markdup.bam
[Fri Feb 11 11:46:01 2022]
Finished job 0.
1 of 1 steps (100%) done
